<?xml version="1.0" encoding="UTF-8"?>
<!-- Generated by org.testng.reporters.JUnitReportReporter -->
<testsuite hostname="XILP-IND-3152" name="SuiteOne.TC006" tests="1" failures="0" timestamp="6 Jul 2018 13:13:29 GMT" time="149.309" errors="0">
  <testcase name="SuiteOneCaseTwoTest" time="149.309" classname="SuiteOne.TC006"/>
</testsuite> <!-- SuiteOne.TC006 -->
