<?xml version="1.0" encoding="UTF-8"?>
<!-- Generated by org.testng.reporters.JUnitReportReporter -->
<testsuite hostname="XILP-IND-3152" name="SuiteOne.TC005" tests="1" failures="0" timestamp="6 Jul 2018 12:04:18 GMT" time="60.976" errors="0">
  <testcase name="SuiteOneCaseTwoTest" time="60.976" classname="SuiteOne.TC005"/>
</testsuite> <!-- SuiteOne.TC005 -->
