<?xml version="1.0" encoding="UTF-8"?>
<!-- Generated by org.testng.reporters.JUnitReportReporter -->
<testsuite hostname="DESKTOP-KALBFJ4" name="SuiteOne.TC002" tests="6" failures="0" timestamp="11 Jul 2018 10:32:50 GMT" time="521.957" errors="0">
  <testcase name="SuiteOneCaseTwoTest" time="89.134" classname="SuiteOne.TC002"/>
  <testcase name="SuiteOneCaseTwoTest" time="86.990" classname="SuiteOne.TC002"/>
  <testcase name="SuiteOneCaseTwoTest" time="90.696" classname="SuiteOne.TC002"/>
  <testcase name="SuiteOneCaseTwoTest" time="89.816" classname="SuiteOne.TC002"/>
  <testcase name="SuiteOneCaseTwoTest" time="94.959" classname="SuiteOne.TC002"/>
  <testcase name="SuiteOneCaseTwoTest" time="70.362" classname="SuiteOne.TC002"/>
</testsuite> <!-- SuiteOne.TC002 -->
